\BOOKMARK [1][-]{section*.1}{List\040of\040Tables}{}% 1
\BOOKMARK [1][-]{section*.2}{List\040of\040Figures}{}% 2
\BOOKMARK [1][-]{section.1}{Background\040-\040IRT\040Parameter\040Estimation}{}% 3
\BOOKMARK [2][-]{subsection.1.1}{Item\040Response\040Theory}{section.1}% 4
\BOOKMARK [2][-]{subsection.1.2}{Parameter\040Estimation\040Methods}{section.1}% 5
\BOOKMARK [2][-]{subsection.1.3}{Artificial\040Neural\040Networks}{section.1}% 6
\BOOKMARK [1][-]{section.2}{Methods\040-\040IRT\040Parameter\040Estimation}{}% 7
\BOOKMARK [2][-]{subsection.2.1}{ML2P-VAE\040Description}{section.2}% 8
\BOOKMARK [2][-]{subsection.2.2}{Software\040Package\040in\040R\040Description}{section.2}% 9
\BOOKMARK [1][-]{section.3}{Results\040-\040IRT\040Parameter\040Estimation}{}% 10
\BOOKMARK [2][-]{subsection.3.1}{Description\040of\040Data\040Sets}{section.3}% 11
\BOOKMARK [2][-]{subsection.3.2}{1-PL\040Results}{section.3}% 12
\BOOKMARK [2][-]{subsection.3.3}{2-PL\040Results}{section.3}% 13
\BOOKMARK [2][-]{subsection.3.4}{3-PL\040Results}{section.3}% 14
\BOOKMARK [1][-]{section.4}{Knowledge\040Tracing\040Background}{}% 15
\BOOKMARK [2][-]{subsection.4.1}{Application\040Goal}{section.4}% 16
\BOOKMARK [2][-]{subsection.4.2}{Mathematical\040Setup}{section.4}% 17
\BOOKMARK [2][-]{subsection.4.3}{Literature\040Review}{section.4}% 18
\BOOKMARK [1][-]{section.5}{Knowledge\040Tracing\040-\040Methods}{}% 19
\BOOKMARK [2][-]{subsection.5.1}{Item-based\040Attention\040Networks}{section.5}% 20
\BOOKMARK [1][-]{section.6}{Knowledge\040Tracing\040-\040Results}{}% 21
\BOOKMARK [2][-]{subsection.6.1}{Data\040Description}{section.6}% 22
\BOOKMARK [2][-]{subsection.6.2}{Experiment\040Details}{section.6}% 23
\BOOKMARK [2][-]{subsection.6.3}{Results}{section.6}% 24
\BOOKMARK [1][-]{section.7}{references}{}% 25
