\BOOKMARK [0][-]{chapter*.1}{LIST\040OF\040TABLES}{}% 1
\BOOKMARK [0][-]{chapter*.2}{LIST\040OF\040FIGURES}{}% 2
\BOOKMARK [0][-]{chapter*.3}{CHAPTER}{}% 3
\BOOKMARK [0][-]{chapter.1}{Item\040Response\040Theory\040Overview}{}% 4
\BOOKMARK [1][-]{section.1.1}{Item\040Response\040Theory}{chapter.1}% 5
\BOOKMARK [2][-]{subsection.1.1.1}{Rasch\040Model}{section.1.1}% 6
\BOOKMARK [2][-]{subsection.1.1.2}{Normal\040Ogive\040Model}{section.1.1}% 7
\BOOKMARK [2][-]{subsection.1.1.3}{2-Parameter\040Logistic\040Model}{section.1.1}% 8
\BOOKMARK [2][-]{subsection.1.1.4}{Multidimensional\040Item\040Response\040Theory}{section.1.1}% 9
\BOOKMARK [1][-]{section.1.2}{IRT\040Parameter\040Estimation}{chapter.1}% 10
\BOOKMARK [2][-]{subsection.1.2.1}{Joint\040Maximum\040Likelihood\040Estimation}{section.1.2}% 11
\BOOKMARK [3][-]{subsubsection.1.2.1.1}{Recent\040Adaptations}{subsection.1.2.1}% 12
\BOOKMARK [2][-]{subsection.1.2.2}{Marginal\040MLE\040via\040Expectation-Maximization}{section.1.2}% 13
\BOOKMARK [3][-]{subsubsection.1.2.2.1}{Curse\040of\040Dimensionality}{subsection.1.2.2}% 14
\BOOKMARK [2][-]{subsection.1.2.3}{Metropolis-Hasting\040Robbins-Monroe}{section.1.2}% 15
\BOOKMARK [0][-]{chapter.2}{Survey\040of\040Relevant\040Neural\040Networks}{}% 16
\BOOKMARK [1][-]{section.2.1}{Autoencoders}{chapter.2}% 17
\BOOKMARK [1][-]{section.2.2}{Variational\040Autoencoders}{chapter.2}% 18
\BOOKMARK [2][-]{subsubsection.2.2.0.1}{A\040note\040on\040Information\040Theory}{section.2.2}% 19
\BOOKMARK [3][-]{subsubsection.2.2.0.2}{VAE\040Derivation}{subsubsection.2.2.0.1}% 20
\BOOKMARK [3][-]{subsubsection.2.2.0.3}{Implementation\040Details}{subsubsection.2.2.0.1}% 21
\BOOKMARK [1][-]{section.2.3}{Time\040Series\040Neural\040Networks}{chapter.2}% 22
\BOOKMARK [2][-]{subsection.2.3.1}{Recurrent\040Neural\040Networks}{section.2.3}% 23
\BOOKMARK [2][-]{subsection.2.3.2}{Long\040Short-Term\040Memory\040Networks}{section.2.3}% 24
\BOOKMARK [2][-]{subsection.2.3.3}{Transformers\040and\040Attention}{section.2.3}% 25
\BOOKMARK [0][-]{chapter.3}{Estimating\040IRT\040Parameters\040with\040Variational\040Autoencoders}{}% 26
\BOOKMARK [1][-]{section.3.1}{ML2P-VAE\040Method\040Description}{chapter.3}% 27
\BOOKMARK [2][-]{subsection.3.1.1}{Full\040Covariance\040Matrix\040Implementation}{section.3.1}% 28
\BOOKMARK [2][-]{subsection.3.1.2}{Variants\040of\040ML2P-VAE}{section.3.1}% 29
\BOOKMARK [1][-]{section.3.2}{ML2Pvae\040Software\040Package\040for\040R}{chapter.3}% 30
\BOOKMARK [2][-]{subsection.3.2.1}{Package\040Functionality}{section.3.2}% 31
\BOOKMARK [0][-]{chapter.4}{ML2P-VAE\040Results\040and\040Discussion}{}% 32
\BOOKMARK [1][-]{section.4.1}{Description\040of\040Data\040Sets}{chapter.4}% 33
\BOOKMARK [1][-]{section.4.2}{Quantitative\040Results}{chapter.4}% 34
\BOOKMARK [2][-]{subsection.4.2.1}{Preliminary\040Results}{section.4.2}% 35
\BOOKMARK [3][-]{subsubsection.4.2.1.1}{Remarks}{subsection.4.2.1}% 36
\BOOKMARK [2][-]{subsection.4.2.2}{Variational\040Autoencoder\040vs\040Autoencoder}{section.4.2}% 37
\BOOKMARK [2][-]{subsection.4.2.3}{ML2P-VAE\040vs\040Traditional\040Methods}{section.4.2}% 38
\BOOKMARK [3][-]{subsubsection.4.2.3.1}{Effect\040of\040Training\040Data\040Size}{subsection.4.2.3}% 39
\BOOKMARK [1][-]{section.4.3}{Discussion}{chapter.4}% 40
\BOOKMARK [2][-]{subsection.4.3.1}{Future\040Extensions}{section.4.3}% 41
\BOOKMARK [2][-]{subsection.4.3.2}{Concluding\040Remarks}{section.4.3}% 42
\BOOKMARK [0][-]{chapter.5}{Knowledge\040Tracing\040Overview}{}% 43
\BOOKMARK [1][-]{section.5.1}{Literature\040Review}{chapter.5}% 44
\BOOKMARK [2][-]{subsection.5.1.1}{Deep\040Knowledge\040Tracing}{section.5.1}% 45
\BOOKMARK [2][-]{subsection.5.1.2}{Dynamic\040Key-Value\040Memory\040Networks}{section.5.1}% 46
\BOOKMARK [3][-]{subsubsection.5.1.2.1}{Deep-IRT}{subsection.5.1.2}% 47
\BOOKMARK [2][-]{subsection.5.1.3}{Self-Attentive\040Knowledge\040Tracing}{section.5.1}% 48
\BOOKMARK [2][-]{subsection.5.1.4}{Performance\040Factors\040Analysis}{section.5.1}% 49
\BOOKMARK [3][-]{subsubsection.5.1.4.1}{Deep\040Performance\040Factors\040Analysis}{subsection.5.1.4}% 50
\BOOKMARK [0][-]{chapter.6}{Deep,\040Interpretable\040Methods\040for\040Knowledge\040Tracing}{}% 51
\BOOKMARK [1][-]{section.6.1}{Incorporating\040IRT\040into\040Knowledge\040Tracing}{chapter.6}% 52
\BOOKMARK [0][-]{chapter.7}{Comparison\040of\040Knowledge\040Tracing\040Methods}{}% 53
\BOOKMARK [1][-]{section.7.1}{Data\040Description}{chapter.7}% 54
\BOOKMARK [1][-]{section.7.2}{Experiment\040Details}{chapter.7}% 55
\BOOKMARK [1][-]{section.7.3}{Results}{chapter.7}% 56
\BOOKMARK [1][-]{section.7.4}{Discussion}{chapter.7}% 57
\BOOKMARK [0][-]{chapter.8}{Related\040Work}{}% 58
\BOOKMARK [1][-]{section.8.1}{Health\040Sciences}{chapter.8}% 59
\BOOKMARK [1][-]{section.8.2}{Sports\040Analytics}{chapter.8}% 60
\BOOKMARK [2][-]{subsection.8.2.1}{VAE\040for\040Player\040Evaluation}{section.8.2}% 61
\BOOKMARK [2][-]{subsection.8.2.2}{Experiments}{section.8.2}% 62
\BOOKMARK [0][-]{figure.caption.41}{REFERENCES}{}% 63
