This is XeTeX, Version 3.14159265-2.6-0.99998 (MiKTeX 2.9.6500 64-bit) (preloaded format=xelatex 2017.12.21)  4 FEB 2021 13:18
entering extended mode
**./knowledge_tracing.tex
(knowledge_tracing.tex
LaTeX2e <2017-04-15>
Babel <3.15> and hyphenation patterns for 75 language(s) loaded.
(C:\Users\gconverse\AppData\Roaming\MiKTeX\2.9\tex\latex\beamer\beamer.cls
Document Class: beamer 2018/02/20 v3.50 A class for typesetting presentations

(C:\Users\gconverse\AppData\Roaming\MiKTeX\2.9\tex\latex\beamer\beamerbasemodes
.sty
(C:\Users\gconverse\AppData\Roaming\MiKTeX\2.9\tex\latex\etoolbox\etoolbox.sty
Package: etoolbox 2018/02/11 v2.5e e-TeX tools for LaTeX (JAW)
\etb@tempcnta=\count79
)
\beamer@tempbox=\box26
\beamer@tempcount=\count80
\c@beamerpauses=\count81

(C:\Users\gconverse\AppData\Roaming\MiKTeX\2.9\tex\latex\beamer\beamerbasedecod
e.sty
\beamer@slideinframe=\count82
\beamer@minimum=\count83
)
\beamer@commentbox=\box27
\beamer@modecount=\count84
) (C:\MiKTeX\tex\generic\oberdiek\ifpdf.sty
Package: ifpdf 2017/03/15 v3.2 Provides the ifpdf switch
)
\headdp=\dimen102
\footheight=\dimen103
\sidebarheight=\dimen104
\beamer@tempdim=\dimen105
\beamer@finalheight=\dimen106
\beamer@animht=\dimen107
\beamer@animdp=\dimen108
\beamer@animwd=\dimen109
\beamer@leftmargin=\dimen110
\beamer@rightmargin=\dimen111
\beamer@leftsidebar=\dimen112
\beamer@rightsidebar=\dimen113
\beamer@boxsize=\dimen114
\beamer@vboxoffset=\dimen115
\beamer@descdefault=\dimen116
\beamer@descriptionwidth=\dimen117
\beamer@lastskip=\skip41
\beamer@areabox=\box28
\beamer@animcurrent=\box29
\beamer@animshowbox=\box30
\beamer@sectionbox=\box31
\beamer@logobox=\box32
\beamer@linebox=\box33
\beamer@sectioncount=\count85
\beamer@subsubsectionmax=\count86
\beamer@subsectionmax=\count87
\beamer@sectionmax=\count88
\beamer@totalheads=\count89
\beamer@headcounter=\count90
\beamer@partstartpage=\count91
\beamer@sectionstartpage=\count92
\beamer@subsectionstartpage=\count93
\beamer@animationtempa=\count94
\beamer@animationtempb=\count95
\beamer@xpos=\count96
\beamer@ypos=\count97
\beamer@ypos@offset=\count98
\beamer@showpartnumber=\count99
\beamer@currentsubsection=\count100
\beamer@coveringdepth=\count101
\beamer@sectionadjust=\count102
\beamer@tocsectionnumber=\count103

(C:\Users\gconverse\AppData\Roaming\MiKTeX\2.9\tex\latex\beamer\beamerbaseoptio
ns.sty (C:\MiKTeX\tex\latex\graphics\keyval.sty
Package: keyval 2014/10/28 v1.15 key=value parser (DPC)
\KV@toks@=\toks14
))
\beamer@paperwidth=\skip42
\beamer@paperheight=\skip43

(C:\MiKTeX\tex\latex\geometry\geometry.sty
Package: geometry 2010/09/12 v5.6 Page Geometry

(C:\MiKTeX\tex\generic\oberdiek\ifvtex.sty
Package: ifvtex 2016/05/16 v1.6 Detect VTeX and its facilities (HO)
Package ifvtex Info: VTeX not detected.
)
(C:\MiKTeX\tex\generic\ifxetex\ifxetex.sty
Package: ifxetex 2010/09/12 v0.6 Provides ifxetex conditional
)
\Gm@cnth=\count104
\Gm@cntv=\count105
\c@Gm@tempcnt=\count106
\Gm@bindingoffset=\dimen118
\Gm@wd@mp=\dimen119
\Gm@odd@mp=\dimen120
\Gm@even@mp=\dimen121
\Gm@layoutwidth=\dimen122
\Gm@layoutheight=\dimen123
\Gm@layouthoffset=\dimen124
\Gm@layoutvoffset=\dimen125
\Gm@dimlist=\toks15

(C:\MiKTeX\tex\xelatex\xetexconfig\geometry.cfg))
(C:\MiKTeX\tex\latex\base\size11.clo
File: size11.clo 2014/09/29 v1.4h Standard LaTeX file (size option)
)
(C:\Users\gconverse\AppData\Roaming\MiKTeX\2.9\tex\latex\pgf\basiclayer\pgfcore
.sty (C:\MiKTeX\tex\latex\graphics\graphicx.sty
Package: graphicx 2017/06/01 v1.1a Enhanced LaTeX Graphics (DPC,SPQR)

(C:\MiKTeX\tex\latex\graphics\graphics.sty
Package: graphics 2017/06/25 v1.2c Standard LaTeX Graphics (DPC,SPQR)

(C:\MiKTeX\tex\latex\graphics\trig.sty
Package: trig 2016/01/03 v1.10 sin cos tan (DPC)
)
(C:\MiKTeX\tex\latex\graphics-cfg\graphics.cfg
File: graphics.cfg 2016/06/04 v1.11 sample graphics configuration
)
Package graphics Info: Driver file: xetex.def on input line 99.

(C:\MiKTeX\tex\latex\graphics-def\xetex.def
File: xetex.def 2017/06/24 v5.0h Graphics/color driver for xetex
))
\Gin@req@height=\dimen126
\Gin@req@width=\dimen127
)
(C:\Users\gconverse\AppData\Roaming\MiKTeX\2.9\tex\latex\pgf\systemlayer\pgfsys
.sty
(C:\Users\gconverse\AppData\Roaming\MiKTeX\2.9\tex\latex\pgf\utilities\pgfrcs.s
ty
(C:\Users\gconverse\AppData\Roaming\MiKTeX\2.9\tex\generic\pgf\utilities\pgfuti
l-common.tex
\pgfutil@everybye=\toks16
\pgfutil@tempdima=\dimen128
\pgfutil@tempdimb=\dimen129

(C:\Users\gconverse\AppData\Roaming\MiKTeX\2.9\tex\generic\pgf\utilities\pgfuti
l-common-lists.tex))
(C:\Users\gconverse\AppData\Roaming\MiKTeX\2.9\tex\generic\pgf\utilities\pgfuti
l-latex.def
\pgfutil@abb=\box34

(C:\Users\gconverse\AppData\Roaming\MiKTeX\2.9\tex\latex\ms\everyshi.sty
Package: everyshi 2001/05/15 v3.00 EveryShipout Package (MS)
))
(C:\Users\gconverse\AppData\Roaming\MiKTeX\2.9\tex\generic\pgf\utilities\pgfrcs
.code.tex
Package: pgfrcs 2015/08/07 v3.0.1a (rcs-revision 1.31)
))
(C:\Users\gconverse\AppData\Roaming\MiKTeX\2.9\tex\generic\pgf\systemlayer\pgfs
ys.code.tex
Package: pgfsys 2014/07/09 v3.0.1a (rcs-revision 1.48)

(C:\Users\gconverse\AppData\Roaming\MiKTeX\2.9\tex\generic\pgf\utilities\pgfkey
s.code.tex
\pgfkeys@pathtoks=\toks17
\pgfkeys@temptoks=\toks18

(C:\Users\gconverse\AppData\Roaming\MiKTeX\2.9\tex\generic\pgf\utilities\pgfkey
sfiltered.code.tex
\pgfkeys@tmptoks=\toks19
))
\pgf@x=\dimen130
\pgf@y=\dimen131
\pgf@xa=\dimen132
\pgf@ya=\dimen133
\pgf@xb=\dimen134
\pgf@yb=\dimen135
\pgf@xc=\dimen136
\pgf@yc=\dimen137
\w@pgf@writea=\write3
\r@pgf@reada=\read1
\c@pgf@counta=\count107
\c@pgf@countb=\count108
\c@pgf@countc=\count109
\c@pgf@countd=\count110
\t@pgf@toka=\toks20
\t@pgf@tokb=\toks21
\t@pgf@tokc=\toks22

(C:\Users\gconverse\AppData\Roaming\MiKTeX\2.9\tex\generic\pgf\systemlayer\pgf.
cfg
File: pgf.cfg 2008/05/14  (rcs-revision 1.7)
)
Driver file for pgf: pgfsys-xetex.def

(C:\Users\gconverse\AppData\Roaming\MiKTeX\2.9\tex\generic\pgf\systemlayer\pgfs
ys-xetex.def
File: pgfsys-xetex.def 2014/07/09  (rcs-revision 1.11)

(C:\Users\gconverse\AppData\Roaming\MiKTeX\2.9\tex\generic\pgf\systemlayer\pgfs
ys-dvipdfmx.def
File: pgfsys-dvipdfmx.def 2014/07/09  (rcs-revision 1.14)

(C:\Users\gconverse\AppData\Roaming\MiKTeX\2.9\tex\generic\pgf\systemlayer\pgfs
ys-common-pdf.def
File: pgfsys-common-pdf.def 2013/10/10  (rcs-revision 1.13)
)
\pgfsys@objnum=\count111
)))
(C:\Users\gconverse\AppData\Roaming\MiKTeX\2.9\tex\generic\pgf\systemlayer\pgfs
yssoftpath.code.tex
File: pgfsyssoftpath.code.tex 2013/09/09  (rcs-revision 1.9)
\pgfsyssoftpath@smallbuffer@items=\count112
\pgfsyssoftpath@bigbuffer@items=\count113
)
(C:\Users\gconverse\AppData\Roaming\MiKTeX\2.9\tex\generic\pgf\systemlayer\pgfs
ysprotocol.code.tex
File: pgfsysprotocol.code.tex 2006/10/16  (rcs-revision 1.4)
))
(C:\Users\gconverse\AppData\Roaming\MiKTeX\2.9\tex\latex\xcolor\xcolor.sty
Package: xcolor 2016/05/11 v2.12 LaTeX color extensions (UK)

(C:\MiKTeX\tex\latex\graphics-cfg\color.cfg
File: color.cfg 2016/01/02 v1.6 sample color configuration
)
Package xcolor Info: Driver file: xetex.def on input line 225.
Package xcolor Info: Model `cmy' substituted by `cmy0' on input line 1348.
Package xcolor Info: Model `RGB' extended on input line 1364.
Package xcolor Info: Model `HTML' substituted by `rgb' on input line 1366.
Package xcolor Info: Model `Hsb' substituted by `hsb' on input line 1367.
Package xcolor Info: Model `tHsb' substituted by `hsb' on input line 1368.
Package xcolor Info: Model `HSB' substituted by `hsb' on input line 1369.
Package xcolor Info: Model `Gray' substituted by `gray' on input line 1370.
Package xcolor Info: Model `wave' substituted by `hsb' on input line 1371.
)
(C:\Users\gconverse\AppData\Roaming\MiKTeX\2.9\tex\generic\pgf\basiclayer\pgfco
re.code.tex
Package: pgfcore 2010/04/11 v3.0.1a (rcs-revision 1.7)

(C:\Users\gconverse\AppData\Roaming\MiKTeX\2.9\tex\generic\pgf\math\pgfmath.cod
e.tex
(C:\Users\gconverse\AppData\Roaming\MiKTeX\2.9\tex\generic\pgf\math\pgfmathcalc
.code.tex
(C:\Users\gconverse\AppData\Roaming\MiKTeX\2.9\tex\generic\pgf\math\pgfmathutil
.code.tex)
(C:\Users\gconverse\AppData\Roaming\MiKTeX\2.9\tex\generic\pgf\math\pgfmathpars
er.code.tex
\pgfmath@dimen=\dimen138
\pgfmath@count=\count114
\pgfmath@box=\box35
\pgfmath@toks=\toks23
\pgfmath@stack@operand=\toks24
\pgfmath@stack@operation=\toks25
)
(C:\Users\gconverse\AppData\Roaming\MiKTeX\2.9\tex\generic\pgf\math\pgfmathfunc
tions.code.tex
(C:\Users\gconverse\AppData\Roaming\MiKTeX\2.9\tex\generic\pgf\math\pgfmathfunc
tions.basic.code.tex)
(C:\Users\gconverse\AppData\Roaming\MiKTeX\2.9\tex\generic\pgf\math\pgfmathfunc
tions.trigonometric.code.tex)
(C:\Users\gconverse\AppData\Roaming\MiKTeX\2.9\tex\generic\pgf\math\pgfmathfunc
tions.random.code.tex)
(C:\Users\gconverse\AppData\Roaming\MiKTeX\2.9\tex\generic\pgf\math\pgfmathfunc
tions.comparison.code.tex)
(C:\Users\gconverse\AppData\Roaming\MiKTeX\2.9\tex\generic\pgf\math\pgfmathfunc
tions.base.code.tex)
(C:\Users\gconverse\AppData\Roaming\MiKTeX\2.9\tex\generic\pgf\math\pgfmathfunc
tions.round.code.tex)
(C:\Users\gconverse\AppData\Roaming\MiKTeX\2.9\tex\generic\pgf\math\pgfmathfunc
tions.misc.code.tex)
(C:\Users\gconverse\AppData\Roaming\MiKTeX\2.9\tex\generic\pgf\math\pgfmathfunc
tions.integerarithmetics.code.tex)))
(C:\Users\gconverse\AppData\Roaming\MiKTeX\2.9\tex\generic\pgf\math\pgfmathfloa
t.code.tex
\c@pgfmathroundto@lastzeros=\count115
))
(C:\Users\gconverse\AppData\Roaming\MiKTeX\2.9\tex\generic\pgf\basiclayer\pgfco
repoints.code.tex
File: pgfcorepoints.code.tex 2013/10/07  (rcs-revision 1.27)
\pgf@picminx=\dimen139
\pgf@picmaxx=\dimen140
\pgf@picminy=\dimen141
\pgf@picmaxy=\dimen142
\pgf@pathminx=\dimen143
\pgf@pathmaxx=\dimen144
\pgf@pathminy=\dimen145
\pgf@pathmaxy=\dimen146
\pgf@xx=\dimen147
\pgf@xy=\dimen148
\pgf@yx=\dimen149
\pgf@yy=\dimen150
\pgf@zx=\dimen151
\pgf@zy=\dimen152
)
(C:\Users\gconverse\AppData\Roaming\MiKTeX\2.9\tex\generic\pgf\basiclayer\pgfco
repathconstruct.code.tex
File: pgfcorepathconstruct.code.tex 2013/10/07  (rcs-revision 1.29)
\pgf@path@lastx=\dimen153
\pgf@path@lasty=\dimen154
)
(C:\Users\gconverse\AppData\Roaming\MiKTeX\2.9\tex\generic\pgf\basiclayer\pgfco
repathusage.code.tex
File: pgfcorepathusage.code.tex 2014/11/02  (rcs-revision 1.24)
\pgf@shorten@end@additional=\dimen155
\pgf@shorten@start@additional=\dimen156
)
(C:\Users\gconverse\AppData\Roaming\MiKTeX\2.9\tex\generic\pgf\basiclayer\pgfco
rescopes.code.tex
File: pgfcorescopes.code.tex 2015/05/08  (rcs-revision 1.46)
\pgfpic=\box36
\pgf@hbox=\box37
\pgf@layerbox@main=\box38
\pgf@picture@serial@count=\count116
)
(C:\Users\gconverse\AppData\Roaming\MiKTeX\2.9\tex\generic\pgf\basiclayer\pgfco
regraphicstate.code.tex
File: pgfcoregraphicstate.code.tex 2014/11/02  (rcs-revision 1.12)
\pgflinewidth=\dimen157
)
(C:\Users\gconverse\AppData\Roaming\MiKTeX\2.9\tex\generic\pgf\basiclayer\pgfco
retransformations.code.tex
File: pgfcoretransformations.code.tex 2015/08/07  (rcs-revision 1.20)
\pgf@pt@x=\dimen158
\pgf@pt@y=\dimen159
\pgf@pt@temp=\dimen160
)
(C:\Users\gconverse\AppData\Roaming\MiKTeX\2.9\tex\generic\pgf\basiclayer\pgfco
requick.code.tex
File: pgfcorequick.code.tex 2008/10/09  (rcs-revision 1.3)
)
(C:\Users\gconverse\AppData\Roaming\MiKTeX\2.9\tex\generic\pgf\basiclayer\pgfco
reobjects.code.tex
File: pgfcoreobjects.code.tex 2006/10/11  (rcs-revision 1.2)
)
(C:\Users\gconverse\AppData\Roaming\MiKTeX\2.9\tex\generic\pgf\basiclayer\pgfco
repathprocessing.code.tex
File: pgfcorepathprocessing.code.tex 2013/09/09  (rcs-revision 1.9)
)
(C:\Users\gconverse\AppData\Roaming\MiKTeX\2.9\tex\generic\pgf\basiclayer\pgfco
rearrows.code.tex
File: pgfcorearrows.code.tex 2015/05/14  (rcs-revision 1.43)
\pgfarrowsep=\dimen161
)
(C:\Users\gconverse\AppData\Roaming\MiKTeX\2.9\tex\generic\pgf\basiclayer\pgfco
reshade.code.tex
File: pgfcoreshade.code.tex 2013/07/15  (rcs-revision 1.15)
\pgf@max=\dimen162
\pgf@sys@shading@range@num=\count117
)
(C:\Users\gconverse\AppData\Roaming\MiKTeX\2.9\tex\generic\pgf\basiclayer\pgfco
reimage.code.tex
File: pgfcoreimage.code.tex 2013/07/15  (rcs-revision 1.18)

(C:\Users\gconverse\AppData\Roaming\MiKTeX\2.9\tex\generic\pgf\basiclayer\pgfco
reexternal.code.tex
File: pgfcoreexternal.code.tex 2014/07/09  (rcs-revision 1.21)
\pgfexternal@startupbox=\box39
))
(C:\Users\gconverse\AppData\Roaming\MiKTeX\2.9\tex\generic\pgf\basiclayer\pgfco
relayers.code.tex
File: pgfcorelayers.code.tex 2013/07/18  (rcs-revision 1.7)
)
(C:\Users\gconverse\AppData\Roaming\MiKTeX\2.9\tex\generic\pgf\basiclayer\pgfco
retransparency.code.tex
File: pgfcoretransparency.code.tex 2013/09/30  (rcs-revision 1.5)
)
(C:\Users\gconverse\AppData\Roaming\MiKTeX\2.9\tex\generic\pgf\basiclayer\pgfco
repatterns.code.tex
File: pgfcorepatterns.code.tex 2013/11/07  (rcs-revision 1.5)
)))
(C:\Users\gconverse\AppData\Roaming\MiKTeX\2.9\tex\latex\pgf\utilities\xxcolor.
sty
Package: xxcolor 2003/10/24 ver 0.1
\XC@nummixins=\count118
\XC@countmixins=\count119
) (C:\MiKTeX\tex\generic\oberdiek\atbegshi.sty
Package: atbegshi 2016/06/09 v1.18 At begin shipout hook (HO)

(C:\MiKTeX\tex\generic\oberdiek\infwarerr.sty
Package: infwarerr 2016/05/16 v1.4 Providing info/warning/error messages (HO)
)
(C:\MiKTeX\tex\generic\oberdiek\ltxcmds.sty
Package: ltxcmds 2016/05/16 v1.23 LaTeX kernel commands for general use (HO)
))
(C:\MiKTeX\tex\latex\hyperref\hyperref.sty
Package: hyperref 2017/03/14 v6.85a Hypertext links for LaTeX

(C:\MiKTeX\tex\generic\oberdiek\hobsub-hyperref.sty
Package: hobsub-hyperref 2016/05/16 v1.14 Bundle oberdiek, subset hyperref (HO)


(C:\MiKTeX\tex\generic\oberdiek\hobsub-generic.sty
Package: hobsub-generic 2016/05/16 v1.14 Bundle oberdiek, subset generic (HO)
Package: hobsub 2016/05/16 v1.14 Construct package bundles (HO)
Package hobsub Info: Skipping package `infwarerr' (already loaded).
Package hobsub Info: Skipping package `ltxcmds' (already loaded).
Package: ifluatex 2016/05/16 v1.4 Provides the ifluatex switch (HO)
Package ifluatex Info: LuaTeX not detected.
Package hobsub Info: Skipping package `ifvtex' (already loaded).
Package: intcalc 2016/05/16 v1.2 Expandable calculations with integers (HO)
Package hobsub Info: Skipping package `ifpdf' (already loaded).
Package: etexcmds 2016/05/16 v1.6 Avoid name clashes with e-TeX commands (HO)
Package etexcmds Info: Could not find \expanded.
(etexcmds)             That can mean that you are not using pdfTeX 1.50 or
(etexcmds)             that some package has redefined \expanded.
(etexcmds)             In the latter case, load this package earlier.
Package: kvsetkeys 2016/05/16 v1.17 Key value parser (HO)
Package: kvdefinekeys 2016/05/16 v1.4 Define keys (HO)
Package: pdftexcmds 2017/03/19 v0.25 Utility functions of pdfTeX for LuaTeX (HO
)
Package pdftexcmds Info: LuaTeX not detected.
Package pdftexcmds Info: pdfTeX >= 1.30 not detected.
Package pdftexcmds Info: \pdf@primitive is available.
Package pdftexcmds Info: \pdf@ifprimitive is available.
Package pdftexcmds Info: \pdfdraftmode not found.
Package: pdfescape 2016/05/16 v1.14 Implements pdfTeX's escape features (HO)
Package: bigintcalc 2016/05/16 v1.4 Expandable calculations on big integers (HO
)
Package: bitset 2016/05/16 v1.2 Handle bit-vector datatype (HO)
Package: uniquecounter 2016/05/16 v1.3 Provide unlimited unique counter (HO)
)
Package hobsub Info: Skipping package `hobsub' (already loaded).
Package: letltxmacro 2016/05/16 v1.5 Let assignment for LaTeX macros (HO)
Package: hopatch 2016/05/16 v1.3 Wrapper for package hooks (HO)
Package: xcolor-patch 2016/05/16 xcolor patch
Package: atveryend 2016/05/16 v1.9 Hooks at the very end of document (HO)
Package hobsub Info: Skipping package `atbegshi' (already loaded).
Package: refcount 2016/05/16 v3.5 Data extraction from label references (HO)
Package: hycolor 2016/05/16 v1.8 Color options for hyperref/bookmark (HO)
)
(C:\MiKTeX\tex\latex\oberdiek\auxhook.sty
Package: auxhook 2016/05/16 v1.4 Hooks for auxiliary files (HO)
)
(C:\MiKTeX\tex\latex\oberdiek\kvoptions.sty
Package: kvoptions 2016/05/16 v3.12 Key value format for package options (HO)
)
\@linkdim=\dimen163
\Hy@linkcounter=\count120
\Hy@pagecounter=\count121

(C:\MiKTeX\tex\latex\hyperref\pd1enc.def
File: pd1enc.def 2017/03/14 v6.85a Hyperref: PDFDocEncoding definition (HO)
)
\Hy@SavedSpaceFactor=\count122

(C:\MiKTeX\tex\latex\00miktex\hyperref.cfg
File: hyperref.cfg 2002/06/06 v1.2 hyperref configuration of TeXLive
)
Package hyperref Info: Option `bookmarks' set `true' on input line 4374.
Package hyperref Info: Option `bookmarksopen' set `true' on input line 4374.
Package hyperref Info: Option `implicit' set `false' on input line 4374.
Package hyperref Info: Hyper figures OFF on input line 4498.
Package hyperref Info: Link nesting OFF on input line 4503.
Package hyperref Info: Hyper index ON on input line 4506.
Package hyperref Info: Plain pages OFF on input line 4513.
Package hyperref Info: Backreferencing OFF on input line 4518.
Package hyperref Info: Implicit mode OFF; no redefinition of LaTeX internals.
Package hyperref Info: Bookmarks ON on input line 4751.
\c@Hy@tempcnt=\count123

(C:\Users\gconverse\AppData\Roaming\MiKTeX\2.9\tex\latex\url\url.sty
\Urlmuskip=\muskip10
Package: url 2013/09/16  ver 3.4  Verb mode for urls, etc.
)
LaTeX Info: Redefining \url on input line 5104.
\XeTeXLinkMargin=\dimen164
\Fld@menulength=\count124
\Field@Width=\dimen165
\Fld@charsize=\dimen166
Package hyperref Info: Hyper figures OFF on input line 6358.
Package hyperref Info: Link nesting OFF on input line 6363.
Package hyperref Info: Hyper index ON on input line 6366.
Package hyperref Info: backreferencing OFF on input line 6373.
Package hyperref Info: Link coloring OFF on input line 6378.
Package hyperref Info: Link coloring with OCG OFF on input line 6383.
Package hyperref Info: PDF/A mode OFF on input line 6388.
LaTeX Info: Redefining \ref on input line 6428.
LaTeX Info: Redefining \pageref on input line 6432.
\Hy@abspage=\count125


Package hyperref Message: Stopped early.

)

Package hyperref Message: Driver (autodetected): hxetex.

(C:\MiKTeX\tex\latex\hyperref\hxetex.def
File: hxetex.def 2017/03/14 v6.85a Hyperref driver for XeTeX

(C:\MiKTeX\tex\latex\hyperref\puenc.def
File: puenc.def 2017/03/14 v6.85a Hyperref: PDF Unicode definition (HO)
)
(C:\MiKTeX\tex\generic\oberdiek\stringenc.sty
Package: stringenc 2016/05/16 v1.11 Convert strings between diff. encodings (HO
)
)
\pdfm@box=\box40
\c@Hy@AnnotLevel=\count126
\HyField@AnnotCount=\count127
\Fld@listcount=\count128
\c@bookmark@seq@number=\count129

(C:\MiKTeX\tex\latex\oberdiek\rerunfilecheck.sty
Package: rerunfilecheck 2016/05/16 v1.8 Rerun checks for auxiliary files (HO)
Package rerunfilecheck Info: Feature \pdfmdfivesum is not available
(rerunfilecheck)             (e.g. pdfTeX or LuaTeX with package `pdftexcmds').

(rerunfilecheck)             Therefore file contents cannot be checked efficien
tly
(rerunfilecheck)             and the loading of the package is aborted.
))
(C:\MiKTeX\tex\generic\oberdiek\se-ascii-print.def
File: se-ascii-print.def 2016/05/16 v1.11 stringenc: Printable ASCII characters

)
(C:\Users\gconverse\AppData\Roaming\MiKTeX\2.9\tex\latex\beamer\beamerbaserequi
res.sty
(C:\Users\gconverse\AppData\Roaming\MiKTeX\2.9\tex\latex\beamer\beamerbasecompa
tibility.sty)
(C:\Users\gconverse\AppData\Roaming\MiKTeX\2.9\tex\latex\beamer\beamerbasefont.
sty (C:\MiKTeX\tex\latex\amsfonts\amssymb.sty
Package: amssymb 2013/01/14 v3.01 AMS font symbols

(C:\MiKTeX\tex\latex\amsfonts\amsfonts.sty
Package: amsfonts 2013/01/14 v3.01 Basic AMSFonts support
\@emptytoks=\toks26
\symAMSa=\mathgroup4
\symAMSb=\mathgroup5
LaTeX Font Info:    Overwriting math alphabet `\mathfrak' in version `bold'
(Font)                  U/euf/m/n --> U/euf/b/n on input line 106.
))
(C:\Users\gconverse\AppData\Roaming\MiKTeX\2.9\tex\latex\sansmathaccent\sansmat
haccent.sty
Package: sansmathaccent 2013/03/28

(C:\Users\gconverse\AppData\Roaming\MiKTeX\2.9\tex\latex\filehook\filehook.sty
Package: filehook 2011/10/12 v0.5d Hooks for input files
)))
(C:\Users\gconverse\AppData\Roaming\MiKTeX\2.9\tex\latex\beamer\beamerbasetrans
lator.sty
(C:\Users\gconverse\AppData\Roaming\MiKTeX\2.9\tex\latex\translator\translator.
sty
Package: translator 2018/01/04 v1.12 Easy translation of strings in LaTeX
))
(C:\Users\gconverse\AppData\Roaming\MiKTeX\2.9\tex\latex\beamer\beamerbasemisc.
sty)
(C:\Users\gconverse\AppData\Roaming\MiKTeX\2.9\tex\latex\beamer\beamerbasetwosc
reens.sty)
(C:\Users\gconverse\AppData\Roaming\MiKTeX\2.9\tex\latex\beamer\beamerbaseoverl
ay.sty
\beamer@argscount=\count130
\beamer@lastskipcover=\skip44
\beamer@trivlistdepth=\count131
)
(C:\Users\gconverse\AppData\Roaming\MiKTeX\2.9\tex\latex\beamer\beamerbasetitle
.sty)
(C:\Users\gconverse\AppData\Roaming\MiKTeX\2.9\tex\latex\beamer\beamerbasesecti
on.sty
\c@lecture=\count132
\c@part=\count133
\c@section=\count134
\c@subsection=\count135
\c@subsubsection=\count136
)
(C:\Users\gconverse\AppData\Roaming\MiKTeX\2.9\tex\latex\beamer\beamerbaseframe
.sty
\beamer@framebox=\box41
\beamer@frametitlebox=\box42
\beamer@zoombox=\box43
\beamer@zoomcount=\count137
\beamer@zoomframecount=\count138
\beamer@frametextheight=\dimen167
\c@subsectionslide=\count139
\beamer@frametopskip=\skip45
\beamer@framebottomskip=\skip46
\beamer@frametopskipautobreak=\skip47
\beamer@framebottomskipautobreak=\skip48
\beamer@envbody=\toks27
\framewidth=\dimen168
\c@framenumber=\count140
)
(C:\Users\gconverse\AppData\Roaming\MiKTeX\2.9\tex\latex\beamer\beamerbaseverba
tim.sty
\beamer@verbatimfileout=\write4
)
(C:\Users\gconverse\AppData\Roaming\MiKTeX\2.9\tex\latex\beamer\beamerbaseframe
size.sty
\beamer@splitbox=\box44
\beamer@autobreakcount=\count141
\beamer@autobreaklastheight=\dimen169
\beamer@frametitletoks=\toks28
\beamer@framesubtitletoks=\toks29
)
(C:\Users\gconverse\AppData\Roaming\MiKTeX\2.9\tex\latex\beamer\beamerbaseframe
components.sty
\beamer@footins=\box45
)
(C:\Users\gconverse\AppData\Roaming\MiKTeX\2.9\tex\latex\beamer\beamerbasecolor
.sty
\beamer@bg@ht=\dimen170
\beamer@bg@wd=\dimen171
\beamer@bg@dp=\dimen172
)
(C:\Users\gconverse\AppData\Roaming\MiKTeX\2.9\tex\latex\beamer\beamerbasenotes
.sty
\beamer@frameboxcopy=\box46
)
(C:\Users\gconverse\AppData\Roaming\MiKTeX\2.9\tex\latex\beamer\beamerbasetoc.s
ty)
(C:\Users\gconverse\AppData\Roaming\MiKTeX\2.9\tex\latex\beamer\beamerbasetempl
ates.sty
\beamer@sbttoks=\toks30

(C:\Users\gconverse\AppData\Roaming\MiKTeX\2.9\tex\latex\beamer\beamerbaseauxte
mplates.sty
(C:\Users\gconverse\AppData\Roaming\MiKTeX\2.9\tex\latex\beamer\beamerbaseboxes
.sty
\bmb@box=\box47
\bmb@colorbox=\box48
\bmb@boxshadow=\box49
\bmb@boxshadowball=\box50
\bmb@boxshadowballlarge=\box51
\bmb@temp=\dimen173
\bmb@dima=\dimen174
\bmb@dimb=\dimen175
\bmb@prevheight=\dimen176
)
\beamer@blockheadheight=\dimen177
))
(C:\Users\gconverse\AppData\Roaming\MiKTeX\2.9\tex\latex\beamer\beamerbaselocal
structure.sty (C:\MiKTeX\tex\latex\tools\enumerate.sty
Package: enumerate 2015/07/23 v3.00 enumerate extensions (DPC)
\@enLab=\toks31
)
\c@figure=\count142
\c@table=\count143
\abovecaptionskip=\skip49
\belowcaptionskip=\skip50
)
(C:\Users\gconverse\AppData\Roaming\MiKTeX\2.9\tex\latex\beamer\beamerbasenavig
ation.sty
\beamer@section@min@dim=\dimen178
)
(C:\Users\gconverse\AppData\Roaming\MiKTeX\2.9\tex\latex\beamer\beamerbasetheor
ems.sty (C:\MiKTeX\tex\latex\amsmath\amsmath.sty
Package: amsmath 2017/09/02 v2.17a AMS math features
\@mathmargin=\skip51

For additional information on amsmath, use the `?' option.
(C:\MiKTeX\tex\latex\amsmath\amstext.sty
Package: amstext 2000/06/29 v2.01 AMS text

(C:\MiKTeX\tex\latex\amsmath\amsgen.sty
File: amsgen.sty 1999/11/30 v2.0 generic functions
\@emptytoks=\toks32
\ex@=\dimen179
))
(C:\MiKTeX\tex\latex\amsmath\amsbsy.sty
Package: amsbsy 1999/11/29 v1.2d Bold Symbols
\pmbraise@=\dimen180
)
(C:\MiKTeX\tex\latex\amsmath\amsopn.sty
Package: amsopn 2016/03/08 v2.02 operator names
)
\inf@bad=\count144
LaTeX Info: Redefining \frac on input line 213.
\uproot@=\count145
\leftroot@=\count146
LaTeX Info: Redefining \overline on input line 375.
\classnum@=\count147
\DOTSCASE@=\count148
LaTeX Info: Redefining \ldots on input line 472.
LaTeX Info: Redefining \dots on input line 475.
LaTeX Info: Redefining \cdots on input line 596.
\Mathstrutbox@=\box52
\strutbox@=\box53
\big@size=\dimen181
LaTeX Font Info:    Redeclaring font encoding OML on input line 712.
LaTeX Font Info:    Redeclaring font encoding OMS on input line 713.
\macc@depth=\count149
\c@MaxMatrixCols=\count150
\dotsspace@=\muskip11
\c@parentequation=\count151
\dspbrk@lvl=\count152
\tag@help=\toks33
\row@=\count153
\column@=\count154
\maxfields@=\count155
\andhelp@=\toks34
\eqnshift@=\dimen182
\alignsep@=\dimen183
\tagshift@=\dimen184
\tagwidth@=\dimen185
\totwidth@=\dimen186
\lineht@=\dimen187
\@envbody=\toks35
\multlinegap=\skip52
\multlinetaggap=\skip53
\mathdisplay@stack=\toks36
LaTeX Info: Redefining \[ on input line 2817.
LaTeX Info: Redefining \] on input line 2818.
)
(C:\MiKTeX\tex\latex\amscls\amsthm.sty
Package: amsthm 2015/03/04 v2.20.2
\thm@style=\toks37
\thm@bodyfont=\toks38
\thm@headfont=\toks39
\thm@notefont=\toks40
\thm@headpunct=\toks41
\thm@preskip=\skip54
\thm@postskip=\skip55
\thm@headsep=\skip56
\dth@everypar=\toks42
)
\c@theorem=\count156
)
(C:\Users\gconverse\AppData\Roaming\MiKTeX\2.9\tex\latex\beamer\beamerbasetheme
s.sty))
(C:\Users\gconverse\AppData\Roaming\MiKTeX\2.9\tex\latex\beamer\beamerthemedefa
ult.sty
(C:\Users\gconverse\AppData\Roaming\MiKTeX\2.9\tex\latex\beamer\beamerfonttheme
default.sty)
(C:\Users\gconverse\AppData\Roaming\MiKTeX\2.9\tex\latex\beamer\beamercolorthem
edefault.sty)
(C:\Users\gconverse\AppData\Roaming\MiKTeX\2.9\tex\latex\beamer\beamerinnerthem
edefault.sty
\beamer@dima=\dimen188
\beamer@dimb=\dimen189
)
(C:\Users\gconverse\AppData\Roaming\MiKTeX\2.9\tex\latex\beamer\beamerouterthem
edefault.sty)))
(C:\Users\gconverse\AppData\Roaming\MiKTeX\2.9\tex\latex\beamer\beamerthemeAnti
bes.sty
(C:\Users\gconverse\AppData\Roaming\MiKTeX\2.9\tex\latex\beamer\beamerouterthem
etree.sty)
(C:\Users\gconverse\AppData\Roaming\MiKTeX\2.9\tex\latex\beamer\beamercolorthem
ewhale.sty)
(C:\Users\gconverse\AppData\Roaming\MiKTeX\2.9\tex\latex\beamer\beamercolorthem
eorchid.sty)
(C:\Users\gconverse\AppData\Roaming\MiKTeX\2.9\tex\latex\beamer\beamerinnerthem
erectangles.sty))
(C:\Users\gconverse\AppData\Roaming\MiKTeX\2.9\tex\latex\beamer\beamercolorthem
edolphin.sty)
(C:\Users\gconverse\AppData\Roaming\MiKTeX\2.9\tex\latex\beamer\beamerfonttheme
serif.sty) (C:\MiKTeX\tex\generic\babel\babel.sty
Package: babel 2017/11/03 3.15 The Babel package

(C:\MiKTeX\tex\generic\babel\switch.def
File: switch.def 2017/11/03 3.15 Babel switching mechanism
)
*************************************
* Local config file bblopts.cfg used
*
(C:\Users\gconverse\AppData\Roaming\MiKTeX\2.9\tex\latex\arabi\bblopts.cfg
File: bblopts.cfg 2005/09/08 v0.1 add Arabic and Farsi to "declared" options of
 babel
)
(C:\MiKTeX\tex\latex\babel-english\english.ldf
Language: english 2017/06/06 v3.3r English support from the babel system

(C:\MiKTeX\tex\generic\babel\babel.def
File: babel.def 2017/11/03 3.15 Babel common definitions
 (C:\MiKTeX\tex\generic\babel\switch.def
File: switch.def 2017/11/03 3.15 Babel switching mechanism
)
\babel@savecnt=\count157
\U@D=\dimen190
(C:\MiKTeX\tex\generic\babel\xebabel.def)
LaTeX Info: Redefining \textlatin on input line 1741.
\bbl@dirlevel=\count158
)
\l@canadian = a dialect from \language\l@american 
\l@australian = a dialect from \language\l@british 
\l@newzealand = a dialect from \language\l@british 
))
(C:\MiKTeX\tex\latex\base\inputenc.sty
Package: inputenc 2015/03/17 v1.2c Input encoding file
\inpenc@prehook=\toks43
\inpenc@posthook=\toks44


Package inputenc Warning: inputenc package ignored with utf8 based engines.

)
(C:\Users\gconverse\AppData\Roaming\MiKTeX\2.9\tex\latex\pgf\utilities\pgfpages
.sty
Package: pgfpages 2011/01/05 ver 0.02
 (C:\MiKTeX\tex\latex\tools\calc.sty
Package: calc 2014/10/28 v4.3 Infix arithmetic (KKT,FJ)
\calc@Acount=\count159
\calc@Bcount=\count160
\calc@Adimen=\dimen191
\calc@Bdimen=\dimen192
\calc@Askip=\skip57
\calc@Bskip=\skip58
LaTeX Info: Redefining \setlength on input line 80.
LaTeX Info: Redefining \addtolength on input line 81.
\calc@Ccount=\count161
\calc@Cskip=\skip59
)
\pgf@logicalpages=\count162
\pgf@firstshipout=\count163
\pgf@lastshipout=\count164
\pgf@currentshipout=\count165
\pgf@cpn=\count166
\pgf@shipoutnextto=\count167
\pgfphysicalheight=\dimen193
\pgfphysicalwidth=\dimen194
\pgfpages@shipoutbox=\box54
)
\pgfpages@box@1=\box55

(C:\MiKTeX\tex\latex\tools\multicol.sty
Package: multicol 2017/04/11 v1.8q multicolumn formatting (FMi)
\c@tracingmulticols=\count168
\mult@box=\box56
\multicol@leftmargin=\dimen195
\c@unbalance=\count169
\c@collectmore=\count170
\doublecol@number=\count171
\multicoltolerance=\count172
\multicolpretolerance=\count173
\full@width=\dimen196
\page@free=\dimen197
\premulticols=\dimen198
\postmulticols=\dimen199
\multicolsep=\skip60
\multicolbaselineskip=\skip61
\partial@page=\box57
\last@line=\box58
\maxbalancingoverflow=\dimen256
\mult@rightbox=\box59
\mult@grightbox=\box60
\mult@gfirstbox=\box61
\mult@firstbox=\box62
\@tempa=\box63
\@tempa=\box64
\@tempa=\box65
\@tempa=\box66
\@tempa=\box67
\@tempa=\box68
\@tempa=\box69
\@tempa=\box70
\@tempa=\box71
\@tempa=\box72
\@tempa=\box73
\@tempa=\box74
\@tempa=\box75
\@tempa=\box76
\@tempa=\box77
\@tempa=\box78
\@tempa=\box79
\c@columnbadness=\count174
\c@finalcolumnbadness=\count175
\last@try=\dimen257
\multicolovershoot=\dimen258
\multicolundershoot=\dimen259
\mult@nat@firstbox=\box80
\colbreak@box=\box81
\mc@col@check@num=\count176
)
(C:\Users\gconverse\AppData\Roaming\MiKTeX\2.9\tex\latex\caption\subcaption.sty
Package: subcaption 2016/05/22 v1.1-161 Sub-captions (AR)
(C:\Users\gconverse\AppData\Roaming\MiKTeX\2.9\tex\latex\caption\caption.sty
Package: caption 2016/02/21 v3.3-144 Customizing captions (AR)

(C:\Users\gconverse\AppData\Roaming\MiKTeX\2.9\tex\latex\caption\caption3.sty
Package: caption3 2016/05/22 v1.7-166 caption3 kernel (AR)
Package caption3 Info: TeX engine: e-TeX on input line 67.
\captionmargin=\dimen260
\captionmargin@=\dimen261
\captionwidth=\dimen262
\caption@tempdima=\dimen263
\caption@indent=\dimen264
\caption@parindent=\dimen265
\caption@hangindent=\dimen266
)
\c@ContinuedFloat=\count177
Package caption Info: beamer document class.
Package caption Info: hyperref package is loaded.
Package caption Info: Hyperref support is turned off
(caption)             because hyperref has stopped early.
)
\c@subfigure=\count178
\c@subtable=\count179
)
\c@defn=\count180
\c@thm=\count181
 (knowledge_tracing.aux)
\openout1 = `knowledge_tracing.aux'.

LaTeX Font Info:    Checking defaults for OML/cmm/m/it on input line 62.
LaTeX Font Info:    ... okay on input line 62.
LaTeX Font Info:    Checking defaults for T1/cmr/m/n on input line 62.
LaTeX Font Info:    ... okay on input line 62.
LaTeX Font Info:    Checking defaults for OT1/cmr/m/n on input line 62.
LaTeX Font Info:    ... okay on input line 62.
LaTeX Font Info:    Checking defaults for OMS/cmsy/m/n on input line 62.
LaTeX Font Info:    ... okay on input line 62.
LaTeX Font Info:    Checking defaults for TU/lmr/m/n on input line 62.
LaTeX Font Info:    ... okay on input line 62.
LaTeX Font Info:    Checking defaults for OMX/cmex/m/n on input line 62.
LaTeX Font Info:    ... okay on input line 62.
LaTeX Font Info:    Checking defaults for U/cmr/m/n on input line 62.
LaTeX Font Info:    ... okay on input line 62.
LaTeX Font Info:    Checking defaults for PD1/pdf/m/n on input line 62.
LaTeX Font Info:    ... okay on input line 62.
LaTeX Font Info:    Checking defaults for PU/pdf/m/n on input line 62.
LaTeX Font Info:    ... okay on input line 62.

*geometry* detected driver: pdftex
*geometry* verbose mode - [ preamble ] result:
* driver: pdftex
* paper: custom
* layout: <same size as paper>
* layoutoffset:(h,v)=(0.0pt,0.0pt)
* modes: includehead includefoot 
* h-part:(L,W,R)=(28.45274pt, 307.28987pt, 28.45274pt)
* v-part:(T,H,B)=(0.0pt, 273.14662pt, 0.0pt)
* \paperwidth=364.19536pt
* \paperheight=273.14662pt
* \textwidth=307.28987pt
* \textheight=244.6939pt
* \oddsidemargin=-43.81725pt
* \evensidemargin=-43.81725pt
* \topmargin=-72.26999pt
* \headheight=14.22636pt
* \headsep=0.0pt
* \topskip=11.0pt
* \footskip=14.22636pt
* \marginparwidth=4.0pt
* \marginparsep=10.0pt
* \columnsep=10.0pt
* \skip\footins=10.0pt plus 4.0pt minus 2.0pt
* \hoffset=0.0pt
* \voffset=0.0pt
* \mag=1000
* \@twocolumnfalse
* \@twosidefalse
* \@mparswitchfalse
* \@reversemarginfalse
* (1in=72.27pt=25.4mm, 1cm=28.453pt)

ABD: EveryShipout initializing macros
\AtBeginShipoutBox=\box82
Package hyperref Info: Link coloring OFF on input line 62.
 (C:\MiKTeX\tex\latex\hyperref\nameref.sty
Package: nameref 2016/05/21 v2.44 Cross-referencing by name of section
(C:\MiKTeX\tex\generic\oberdiek\gettitlestring.sty
Package: gettitlestring 2016/05/16 v1.5 Cleanup title references (HO)
)
\c@section@level=\count182
)
LaTeX Info: Redefining \ref on input line 62.
LaTeX Info: Redefining \pageref on input line 62.
LaTeX Info: Redefining \nameref on input line 62.
 (knowledge_tracing.out)
(knowledge_tracing.out)
\@outlinefile=\write5
\openout5 = `knowledge_tracing.out'.

\symnumbers=\mathgroup6
\sympureletters=\mathgroup7
LaTeX Font Info:    Overwriting math alphabet `\mathrm' in version `normal'
(Font)                  OT1/cmr/m/n --> TU/lmr/m/n on input line 62.
LaTeX Font Info:    Redeclaring math alphabet \mathbf on input line 62.
LaTeX Font Info:    Overwriting math alphabet `\mathbf' in version `normal'
(Font)                  OT1/cmr/bx/n --> TU/lmr/bx/n on input line 62.
LaTeX Font Info:    Overwriting math alphabet `\mathbf' in version `bold'
(Font)                  OT1/cmr/bx/n --> TU/lmr/bx/n on input line 62.
LaTeX Font Info:    Redeclaring math alphabet \mathsf on input line 62.
LaTeX Font Info:    Overwriting math alphabet `\mathsf' in version `normal'
(Font)                  OT1/cmss/m/n --> TU/lmss/m/n on input line 62.
LaTeX Font Info:    Overwriting math alphabet `\mathsf' in version `bold'
(Font)                  OT1/cmss/bx/n --> TU/lmss/m/n on input line 62.
LaTeX Font Info:    Redeclaring math alphabet \mathit on input line 62.
LaTeX Font Info:    Overwriting math alphabet `\mathit' in version `normal'
(Font)                  OT1/cmr/m/it --> TU/lmr/m/it on input line 62.
LaTeX Font Info:    Overwriting math alphabet `\mathit' in version `bold'
(Font)                  OT1/cmr/bx/it --> TU/lmr/m/it on input line 62.
LaTeX Font Info:    Redeclaring math alphabet \mathtt on input line 62.
LaTeX Font Info:    Overwriting math alphabet `\mathtt' in version `normal'
(Font)                  OT1/cmtt/m/n --> TU/lmtt/m/n on input line 62.
LaTeX Font Info:    Overwriting math alphabet `\mathtt' in version `bold'
(Font)                  OT1/cmtt/m/n --> TU/lmtt/m/n on input line 62.
LaTeX Font Info:    Overwriting symbol font `numbers' in version `bold'
(Font)                  TU/lmr/m/n --> TU/lmr/bx/n on input line 62.
LaTeX Font Info:    Overwriting symbol font `pureletters' in version `bold'
(Font)                  TU/lmr/m/it --> TU/lmr/bx/it on input line 62.
LaTeX Font Info:    Overwriting math alphabet `\mathrm' in version `bold'
(Font)                  OT1/cmr/bx/n --> TU/lmr/bx/n on input line 62.
LaTeX Font Info:    Overwriting math alphabet `\mathbf' in version `bold'
(Font)                  TU/lmr/bx/n --> TU/lmr/bx/n on input line 62.
LaTeX Font Info:    Overwriting math alphabet `\mathsf' in version `bold'
(Font)                  TU/lmss/m/n --> TU/lmss/bx/n on input line 62.
LaTeX Font Info:    Overwriting math alphabet `\mathit' in version `bold'
(Font)                  TU/lmr/m/it --> TU/lmr/bx/it on input line 62.
LaTeX Font Info:    Overwriting math alphabet `\mathtt' in version `bold'
(Font)                  TU/lmtt/m/n --> TU/lmtt/bx/n on input line 62.

(C:\Users\gconverse\AppData\Roaming\MiKTeX\2.9\tex\latex\translator\translator-
basic-dictionary-English.dict
Dictionary: translator-basic-dictionary, Language: English 
)
(C:\Users\gconverse\AppData\Roaming\MiKTeX\2.9\tex\latex\translator\translator-
bibliography-dictionary-English.dict
Dictionary: translator-bibliography-dictionary, Language: English 
)
(C:\Users\gconverse\AppData\Roaming\MiKTeX\2.9\tex\latex\translator\translator-
environment-dictionary-English.dict
Dictionary: translator-environment-dictionary, Language: English 
)
(C:\Users\gconverse\AppData\Roaming\MiKTeX\2.9\tex\latex\translator\translator-
months-dictionary-English.dict
Dictionary: translator-months-dictionary, Language: English 
)
(C:\Users\gconverse\AppData\Roaming\MiKTeX\2.9\tex\latex\translator\translator-
numbers-dictionary-English.dict
Dictionary: translator-numbers-dictionary, Language: English 
)
(C:\Users\gconverse\AppData\Roaming\MiKTeX\2.9\tex\latex\translator\translator-
theorem-dictionary-English.dict
Dictionary: translator-theorem-dictionary, Language: English 
)
Package caption Info: Begin \AtBeginDocument code.
Package caption Info: End \AtBeginDocument code.
 (knowledge_tracing.nav) (knowledge_tracing.toc) [2

] [3

]
LaTeX Font Info:    Try loading font information for U+msa on input line 105.
 (C:\MiKTeX\tex\latex\amsfonts\umsa.fd
File: umsa.fd 2013/01/14 v3.01 AMS symbols A
)
LaTeX Font Info:    Try loading font information for U+msb on input line 105.

(C:\MiKTeX\tex\latex\amsfonts\umsb.fd
File: umsb.fd 2013/01/14 v3.01 AMS symbols B
) [4

] [5

] [6

]
Overfull \hbox (12.2184pt too wide) detected at line 162
[]
 []

File: kt_img/rnn.png Graphic file (type bmp)
<kt_img/rnn.png>

! LaTeX Error: There's no line here to end.

See the LaTeX manual or LaTeX Companion for explanation.
Type  H <return>  for immediate help.
 ...                                              
                                                  
l.162 \end{frame}
                 
Your command was ignored.
Type  I <command> <return>  to replace it with another command,
or  <return>  to continue without it.

[7

]
File: kt_img/lstm.png Graphic file (type bmp)
<kt_img/lstm.png>
 [8

] [9

] [10

]
File: kt_img/dkvmn_arch.png Graphic file (type bmp)
<kt_img/dkvmn_arch.png>
 [11

] [12

] [13

] [14

]
File: kt_img/sakt_arch.png Graphic file (type bmp)
<kt_img/sakt_arch.png>
 [15

]
File: kt_img/kt_irt_visual_with_equation.png Graphic file (type bmp)
<kt_img/kt_irt_visual_with_equation.png>

Overfull \vbox (7.30844pt too high) detected at line 256
 []

[16

] [17

]
\tf@nav=\write6
\openout6 = `knowledge_tracing.nav'.

\tf@toc=\write7
\openout7 = `knowledge_tracing.toc'.

\tf@snm=\write8
\openout8 = `knowledge_tracing.snm'.

 [18

]
Package atveryend Info: Empty hook `BeforeClearDocument' on input line 273.
Package atveryend Info: Empty hook `AfterLastShipout' on input line 273.
 (knowledge_tracing.aux)
Package atveryend Info: Empty hook `AtVeryEndDocument' on input line 273.
Package atveryend Info: Empty hook `AtEndAfterFileList' on input line 273.
 ) 
Here is how much of TeX's memory you used:
 22076 strings out of 427839
 392050 string characters out of 3155939
 492134 words of memory out of 3000000
 25581 multiletter control sequences out of 15000+200000
 13285 words of font info for 71 fonts, out of 3000000 for 9000
 1328 hyphenation exceptions out of 8191
 56i,14n,55p,786b,488s stack positions out of 5000i,500n,10000p,200000b,50000s

Output written on knowledge_tracing.pdf (17 pages).
